<?xml version="1.0" encoding="UTF-8"?>
<coverage generated="1535387569763" clover="3.2.0">
  <project timestamp="1535387569763" name="All files">
    <metrics statements="7" coveredstatements="5" conditionals="4" coveredconditionals="2" methods="3" coveredmethods="2" elements="14" coveredelements="9" complexity="0" loc="7" ncloc="7" packages="1" files="1" classes="1">
      <file name="vendingMachine.js" path="/Users/darraghmcalone/development/projects/coding-interview-vending-machine/lib/vendingMachine.js">
        <metrics statements="7" coveredstatements="5" conditionals="4" coveredconditionals="2" methods="3" coveredmethods="2"/>
        <line num="3" count="2" type="stmt"/>
        <line num="4" count="2" type="stmt"/>
        <line num="7" count="0" type="stmt"/>
        <line num="11" count="1" type="cond" truecount="2" falsecount="2"/>
        <line num="12" count="1" type="stmt"/>
        <line num="14" count="0" type="stmt"/>
        <line num="19" count="1" type="stmt"/>
      </file>
    </metrics>
  </project>
</coverage>
