{"/Users/darraghmcalone/development/projects/coding-interview-vending-machine/lib/vendingMachine.js": {"path":"/Users/darraghmcalone/development/projects/coding-interview-vending-machine/lib/vendingMachine.js","statementMap":{"0":{"start":{"line":3,"column":8},"end":{"line":3,"column":33}},"1":{"start":{"line":4,"column":8},"end":{"line":4,"column":25}},"2":{"start":{"line":7,"column":8},"end":{"line":7,"column":29}},"3":{"start":{"line":11,"column":8},"end":{"line":13,"column":9}},"4":{"start":{"line":12,"column":12},"end":{"line":12,"column":41}},"5":{"start":{"line":14,"column":8},"end":{"line":14,"column":58}},"6":{"start":{"line":19,"column":0},"end":{"line":19,"column":32}}},"fnMap":{"0":{"name":"(anonymous_0)","decl":{"start":{"line":2,"column":4},"end":{"line":2,"column":5}},"loc":{"start":{"line":2,"column":32},"end":{"line":5,"column":5}},"line":2},"1":{"name":"(anonymous_1)","decl":{"start":{"line":6,"column":4},"end":{"line":6,"column":5}},"loc":{"start":{"line":6,"column":22},"end":{"line":8,"column":5}},"line":6},"2":{"name":"(anonymous_2)","decl":{"start":{"line":10,"column":4},"end":{"line":10,"column":5}},"loc":{"start":{"line":10,"column":37},"end":{"line":15,"column":5}},"line":10}},"branchMap":{"0":{"loc":{"start":{"line":11,"column":8},"end":{"line":13,"column":9}},"type":"if","locations":[{"start":{"line":11,"column":8},"end":{"line":13,"column":9}},{"start":{"line":11,"column":8},"end":{"line":13,"column":9}}],"line":11},"1":{"loc":{"start":{"line":11,"column":12},"end":{"line":11,"column":77}},"type":"binary-expr","locations":[{"start":{"line":11,"column":12},"end":{"line":11,"column":45}},{"start":{"line":11,"column":49},"end":{"line":11,"column":77}}],"line":11}},"s":{"0":2,"1":2,"2":0,"3":1,"4":1,"5":0,"6":1},"f":{"0":2,"1":0,"2":1},"b":{"0":[1,0],"1":[1,0]},"_coverageSchema":"332fd63041d2c1bcb487cc26dd0d5f7d97098a6c","hash":"74c469fb86d19e92a5766d359e9832428e3397ba"}
}
